<?xml version="1.0" encoding="UTF-8"?>
<coverage generated="1760349671716" clover="3.2.0">
  <project timestamp="1760349671716" name="All files">
    <metrics statements="76" coveredstatements="55" conditionals="79" coveredconditionals="43" methods="16" coveredmethods="8" elements="171" coveredelements="106" complexity="0" loc="76" ncloc="76" packages="1" files="1" classes="1"/>
    <file name="profile.js" path="D:\Jahan\static\js\profile.js">
      <metrics statements="76" coveredstatements="55" conditionals="79" coveredconditionals="43" methods="16" coveredmethods="8"/>
      <line num="3" count="0" type="stmt"/>
      <line num="29" count="0" type="stmt"/>
      <line num="49" count="0" type="stmt"/>
      <line num="51" count="0" type="stmt"/>
      <line num="52" count="0" type="cond" truecount="0" falsecount="2"/>
      <line num="53" count="0" type="stmt"/>
      <line num="54" count="0" type="stmt"/>
      <line num="78" count="0" type="stmt"/>
      <line num="109" count="0" type="stmt"/>
      <line num="112" count="0" type="cond" truecount="0" falsecount="2"/>
      <line num="113" count="0" type="stmt"/>
      <line num="116" count="0" type="stmt"/>
      <line num="122" count="2" type="stmt"/>
      <line num="124" count="2" type="stmt"/>
      <line num="125" count="2" type="stmt"/>
      <line num="127" count="1" type="stmt"/>
      <line num="129" count="1" type="cond" truecount="2" falsecount="2"/>
      <line num="130" count="0" type="stmt"/>
      <line num="133" count="0" type="stmt"/>
      <line num="136" count="0" type="stmt"/>
      <line num="138" count="0" type="stmt"/>
      <line num="143" count="1" type="stmt"/>
      <line num="144" count="1" type="stmt"/>
      <line num="147" count="1" type="stmt"/>
      <line num="148" count="1" type="stmt"/>
      <line num="154" count="2" type="stmt"/>
      <line num="155" count="2" type="stmt"/>
      <line num="157" count="2" type="stmt"/>
      <line num="159" count="2" type="cond" truecount="2" falsecount="0"/>
      <line num="160" count="1" type="stmt"/>
      <line num="161" count="1" type="stmt"/>
      <line num="164" count="1" type="stmt"/>
      <line num="167" count="1" type="stmt"/>
      <line num="168" count="1" type="stmt"/>
      <line num="169" count="0" type="stmt"/>
      <line num="172" count="1" type="stmt"/>
      <line num="174" count="1" type="stmt"/>
      <line num="175" count="1" type="stmt"/>
      <line num="178" count="1" type="stmt"/>
      <line num="201" count="1" type="stmt"/>
      <line num="206" count="0" type="cond" truecount="0" falsecount="2"/>
      <line num="208" count="0" type="stmt"/>
      <line num="336" count="1" type="cond" truecount="1" falsecount="1"/>
      <line num="338" count="1" type="stmt"/>
      <line num="443" count="1" type="stmt"/>
      <line num="444" count="1" type="stmt"/>
      <line num="445" count="1" type="stmt"/>
      <line num="446" count="1" type="cond" truecount="1" falsecount="1"/>
      <line num="447" count="1" type="cond" truecount="1" falsecount="1"/>
      <line num="448" count="1" type="cond" truecount="1" falsecount="1"/>
      <line num="449" count="1" type="cond" truecount="1" falsecount="1"/>
      <line num="450" count="1" type="cond" truecount="1" falsecount="1"/>
      <line num="452" count="1" type="stmt"/>
      <line num="501" count="6" type="cond" truecount="2" falsecount="0"/>
      <line num="503" count="4" type="stmt"/>
      <line num="509" count="4" type="cond" truecount="2" falsecount="0"/>
      <line num="514" count="6" type="cond" truecount="2" falsecount="0"/>
      <line num="516" count="5" type="stmt"/>
      <line num="523" count="5" type="cond" truecount="2" falsecount="0"/>
      <line num="528" count="4" type="cond" truecount="2" falsecount="0"/>
      <line num="530" count="2" type="stmt"/>
      <line num="531" count="2" type="stmt"/>
      <line num="534" count="2" type="cond" truecount="2" falsecount="0"/>
      <line num="535" count="1" type="stmt"/>
      <line num="538" count="1" type="stmt"/>
      <line num="539" count="1" type="stmt"/>
      <line num="541" count="0" type="stmt"/>
      <line num="547" count="3" type="stmt"/>
      <line num="548" count="3" type="cond" truecount="1" falsecount="1"/>
      <line num="551" count="3" type="stmt"/>
      <line num="552" count="3" type="stmt"/>
      <line num="553" count="0" type="stmt"/>
      <line num="557" count="3" type="stmt"/>
      <line num="569" count="3" type="stmt"/>
      <line num="576" count="1" type="cond" truecount="3" falsecount="1"/>
      <line num="577" count="1" type="stmt"/>
    </file>
  </project>
</coverage>
