{"D:\\Jahan\\static\\js\\profile.js": {"path":"D:\\Jahan\\static\\js\\profile.js","statementMap":{"0":{"start":{"line":3,"column":4},"end":{"line":24,"column":6}},"1":{"start":{"line":29,"column":4},"end":{"line":104,"column":6}},"2":{"start":{"line":49,"column":24},"end":{"line":49,"column":52}},"3":{"start":{"line":51,"column":40},"end":{"line":51,"column":57}},"4":{"start":{"line":52,"column":24},"end":{"line":55,"column":25}},"5":{"start":{"line":53,"column":28},"end":{"line":53,"column":43}},"6":{"start":{"line":54,"column":28},"end":{"line":54,"column":57}},"7":{"start":{"line":78,"column":36},"end":{"line":78,"column":52}},"8":{"start":{"line":109,"column":24},"end":{"line":109,"column":41}},"9":{"start":{"line":112,"column":4},"end":{"line":117,"column":5}},"10":{"start":{"line":113,"column":8},"end":{"line":113,"column":42}},"11":{"start":{"line":116,"column":8},"end":{"line":116,"column":41}},"12":{"start":{"line":122,"column":4},"end":{"line":122,"column":53}},"13":{"start":{"line":124,"column":4},"end":{"line":149,"column":5}},"14":{"start":{"line":125,"column":23},"end":{"line":125,"column":73}},"15":{"start":{"line":127,"column":8},"end":{"line":127,"column":45}},"16":{"start":{"line":129,"column":8},"end":{"line":145,"column":9}},"17":{"start":{"line":130,"column":12},"end":{"line":130,"column":63}},"18":{"start":{"line":133,"column":12},"end":{"line":133,"column":77}},"19":{"start":{"line":136,"column":12},"end":{"line":136,"column":47}},"20":{"start":{"line":138,"column":12},"end":{"line":141,"column":15}},"21":{"start":{"line":143,"column":12},"end":{"line":143,"column":57}},"22":{"start":{"line":144,"column":12},"end":{"line":144,"column":60}},"23":{"start":{"line":147,"column":8},"end":{"line":147,"column":56}},"24":{"start":{"line":148,"column":8},"end":{"line":148,"column":64}},"25":{"start":{"line":154,"column":4},"end":{"line":154,"column":46}},"26":{"start":{"line":155,"column":4},"end":{"line":155,"column":38}},"27":{"start":{"line":157,"column":24},"end":{"line":157,"column":48}},"28":{"start":{"line":159,"column":4},"end":{"line":162,"column":5}},"29":{"start":{"line":160,"column":8},"end":{"line":160,"column":62}},"30":{"start":{"line":161,"column":8},"end":{"line":161,"column":15}},"31":{"start":{"line":164,"column":4},"end":{"line":164,"column":46}},"32":{"start":{"line":167,"column":21},"end":{"line":167,"column":48}},"33":{"start":{"line":168,"column":4},"end":{"line":170,"column":7}},"34":{"start":{"line":169,"column":8},"end":{"line":169,"column":38}},"35":{"start":{"line":172,"column":4},"end":{"line":172,"column":46}},"36":{"start":{"line":174,"column":24},"end":{"line":174,"column":41}},"37":{"start":{"line":175,"column":21},"end":{"line":175,"column":40}},"38":{"start":{"line":178,"column":4},"end":{"line":199,"column":7}},"39":{"start":{"line":201,"column":4},"end":{"line":201,"column":51}},"40":{"start":{"line":206,"column":25},"end":{"line":206,"column":85}},"41":{"start":{"line":208,"column":4},"end":{"line":331,"column":6}},"42":{"start":{"line":336,"column":25},"end":{"line":336,"column":85}},"43":{"start":{"line":338,"column":4},"end":{"line":438,"column":6}},"44":{"start":{"line":443,"column":21},"end":{"line":443,"column":50}},"45":{"start":{"line":444,"column":26},"end":{"line":444,"column":51}},"46":{"start":{"line":445,"column":33},"end":{"line":445,"column":73}},"47":{"start":{"line":446,"column":21},"end":{"line":446,"column":47}},"48":{"start":{"line":447,"column":23},"end":{"line":447,"column":51}},"49":{"start":{"line":448,"column":22},"end":{"line":448,"column":48}},"50":{"start":{"line":449,"column":22},"end":{"line":449,"column":48}},"51":{"start":{"line":450,"column":25},"end":{"line":450,"column":48}},"52":{"start":{"line":452,"column":4},"end":{"line":496,"column":6}},"53":{"start":{"line":501,"column":4},"end":{"line":501,"column":40}},"54":{"start":{"line":501,"column":17},"end":{"line":501,"column":40}},"55":{"start":{"line":503,"column":22},"end":{"line":507,"column":5}},"56":{"start":{"line":509,"column":4},"end":{"line":509,"column":48}},"57":{"start":{"line":514,"column":4},"end":{"line":514,"column":40}},"58":{"start":{"line":514,"column":17},"end":{"line":514,"column":40}},"59":{"start":{"line":516,"column":22},"end":{"line":521,"column":5}},"60":{"start":{"line":523,"column":4},"end":{"line":523,"column":48}},"61":{"start":{"line":528,"column":4},"end":{"line":528,"column":42}},"62":{"start":{"line":528,"column":19},"end":{"line":528,"column":42}},"63":{"start":{"line":530,"column":4},"end":{"line":542,"column":5}},"64":{"start":{"line":531,"column":21},"end":{"line":531,"column":39}},"65":{"start":{"line":534,"column":8},"end":{"line":536,"column":9}},"66":{"start":{"line":535,"column":12},"end":{"line":535,"column":35}},"67":{"start":{"line":538,"column":24},"end":{"line":538,"column":74}},"68":{"start":{"line":539,"column":8},"end":{"line":539,"column":57}},"69":{"start":{"line":541,"column":8},"end":{"line":541,"column":31}},"70":{"start":{"line":547,"column":24},"end":{"line":547,"column":48}},"71":{"start":{"line":548,"column":4},"end":{"line":548,"column":29}},"72":{"start":{"line":548,"column":22},"end":{"line":548,"column":29}},"73":{"start":{"line":551,"column":21},"end":{"line":551,"column":48}},"74":{"start":{"line":552,"column":4},"end":{"line":554,"column":7}},"75":{"start":{"line":553,"column":8},"end":{"line":553,"column":38}},"76":{"start":{"line":557,"column":4},"end":{"line":567,"column":7}},"77":{"start":{"line":569,"column":4},"end":{"line":572,"column":7}},"78":{"start":{"line":576,"column":0},"end":{"line":589,"column":1}},"79":{"start":{"line":577,"column":4},"end":{"line":588,"column":6}}},"fnMap":{"0":{"name":"createDesktopProfilePage","decl":{"start":{"line":2,"column":9},"end":{"line":2,"column":33}},"loc":{"start":{"line":2,"column":36},"end":{"line":25,"column":1}},"line":2},"1":{"name":"createMobileProfilePage","decl":{"start":{"line":28,"column":9},"end":{"line":28,"column":32}},"loc":{"start":{"line":28,"column":35},"end":{"line":105,"column":1}},"line":28},"2":{"name":"(anonymous_2)","decl":{"start":{"line":48,"column":35},"end":{"line":48,"column":36}},"loc":{"start":{"line":48,"column":49},"end":{"line":56,"column":21}},"line":48},"3":{"name":"(anonymous_3)","decl":{"start":{"line":77,"column":39},"end":{"line":77,"column":40}},"loc":{"start":{"line":77,"column":51},"end":{"line":79,"column":33}},"line":77},"4":{"name":"createProfilePage","decl":{"start":{"line":108,"column":9},"end":{"line":108,"column":26}},"loc":{"start":{"line":108,"column":29},"end":{"line":118,"column":1}},"line":108},"5":{"name":"fetchProfileFromDatabase","decl":{"start":{"line":121,"column":15},"end":{"line":121,"column":39}},"loc":{"start":{"line":121,"column":42},"end":{"line":150,"column":1}},"line":121},"6":{"name":"displayProfileContent","decl":{"start":{"line":153,"column":9},"end":{"line":153,"column":30}},"loc":{"start":{"line":153,"column":37},"end":{"line":202,"column":1}},"line":153},"7":{"name":"(anonymous_7)","decl":{"start":{"line":168,"column":21},"end":{"line":168,"column":22}},"loc":{"start":{"line":168,"column":30},"end":{"line":170,"column":5}},"line":168},"8":{"name":"createDesktopProfileLayout","decl":{"start":{"line":205,"column":9},"end":{"line":205,"column":35}},"loc":{"start":{"line":205,"column":42},"end":{"line":332,"column":1}},"line":205},"9":{"name":"createMobileProfileLayout","decl":{"start":{"line":335,"column":9},"end":{"line":335,"column":34}},"loc":{"start":{"line":335,"column":41},"end":{"line":439,"column":1}},"line":335},"10":{"name":"buildPersonalDetailsHTML","decl":{"start":{"line":442,"column":9},"end":{"line":442,"column":33}},"loc":{"start":{"line":442,"column":58},"end":{"line":497,"column":1}},"line":442},"11":{"name":"formatGender","decl":{"start":{"line":500,"column":9},"end":{"line":500,"column":21}},"loc":{"start":{"line":500,"column":30},"end":{"line":510,"column":1}},"line":500},"12":{"name":"formatMaritalStatus","decl":{"start":{"line":513,"column":9},"end":{"line":513,"column":28}},"loc":{"start":{"line":513,"column":37},"end":{"line":524,"column":1}},"line":513},"13":{"name":"formatBirthday","decl":{"start":{"line":527,"column":9},"end":{"line":527,"column":23}},"loc":{"start":{"line":527,"column":34},"end":{"line":543,"column":1}},"line":527},"14":{"name":"showProfileError","decl":{"start":{"line":546,"column":9},"end":{"line":546,"column":25}},"loc":{"start":{"line":546,"column":35},"end":{"line":573,"column":1}},"line":546},"15":{"name":"(anonymous_15)","decl":{"start":{"line":552,"column":21},"end":{"line":552,"column":22}},"loc":{"start":{"line":552,"column":30},"end":{"line":554,"column":5}},"line":552}},"branchMap":{"0":{"loc":{"start":{"line":52,"column":24},"end":{"line":55,"column":25}},"type":"if","locations":[{"start":{"line":52,"column":24},"end":{"line":55,"column":25}},{"start":{},"end":{}}],"line":52},"1":{"loc":{"start":{"line":112,"column":4},"end":{"line":117,"column":5}},"type":"if","locations":[{"start":{"line":112,"column":4},"end":{"line":117,"column":5}},{"start":{"line":114,"column":11},"end":{"line":117,"column":5}}],"line":112},"2":{"loc":{"start":{"line":129,"column":8},"end":{"line":145,"column":9}},"type":"if","locations":[{"start":{"line":129,"column":8},"end":{"line":145,"column":9}},{"start":{"line":142,"column":15},"end":{"line":145,"column":9}}],"line":129},"3":{"loc":{"start":{"line":129,"column":12},"end":{"line":129,"column":41}},"type":"binary-expr","locations":[{"start":{"line":129,"column":12},"end":{"line":129,"column":26}},{"start":{"line":129,"column":30},"end":{"line":129,"column":41}}],"line":129},"4":{"loc":{"start":{"line":159,"column":4},"end":{"line":162,"column":5}},"type":"if","locations":[{"start":{"line":159,"column":4},"end":{"line":162,"column":5}},{"start":{},"end":{}}],"line":159},"5":{"loc":{"start":{"line":187,"column":33},"end":{"line":187,"column":51}},"type":"cond-expr","locations":[{"start":{"line":187,"column":44},"end":{"line":187,"column":46}},{"start":{"line":187,"column":49},"end":{"line":187,"column":51}}],"line":187},"6":{"loc":{"start":{"line":189,"column":34},"end":{"line":191,"column":64}},"type":"cond-expr","locations":[{"start":{"line":190,"column":32},"end":{"line":190,"column":63}},{"start":{"line":191,"column":32},"end":{"line":191,"column":64}}],"line":189},"7":{"loc":{"start":{"line":193,"column":33},"end":{"line":193,"column":51}},"type":"cond-expr","locations":[{"start":{"line":193,"column":44},"end":{"line":193,"column":46}},{"start":{"line":193,"column":49},"end":{"line":193,"column":51}}],"line":193},"8":{"loc":{"start":{"line":206,"column":25},"end":{"line":206,"column":85}},"type":"cond-expr","locations":[{"start":{"line":206,"column":64},"end":{"line":206,"column":73}},{"start":{"line":206,"column":76},"end":{"line":206,"column":85}}],"line":206},"9":{"loc":{"start":{"line":227,"column":115},"end":{"line":227,"column":149}},"type":"binary-expr","locations":[{"start":{"line":227,"column":115},"end":{"line":227,"column":130}},{"start":{"line":227,"column":134},"end":{"line":227,"column":149}}],"line":227},"10":{"loc":{"start":{"line":232,"column":115},"end":{"line":232,"column":148}},"type":"binary-expr","locations":[{"start":{"line":232,"column":115},"end":{"line":232,"column":129}},{"start":{"line":232,"column":133},"end":{"line":232,"column":148}}],"line":232},"11":{"loc":{"start":{"line":243,"column":46},"end":{"line":243,"column":81}},"type":"binary-expr","locations":[{"start":{"line":243,"column":46},"end":{"line":243,"column":69}},{"start":{"line":243,"column":73},"end":{"line":243,"column":81}}],"line":243},"12":{"loc":{"start":{"line":268,"column":115},"end":{"line":268,"column":147}},"type":"binary-expr","locations":[{"start":{"line":268,"column":115},"end":{"line":268,"column":128}},{"start":{"line":268,"column":132},"end":{"line":268,"column":147}}],"line":268},"13":{"loc":{"start":{"line":273,"column":115},"end":{"line":273,"column":149}},"type":"binary-expr","locations":[{"start":{"line":273,"column":115},"end":{"line":273,"column":130}},{"start":{"line":273,"column":134},"end":{"line":273,"column":149}}],"line":273},"14":{"loc":{"start":{"line":336,"column":25},"end":{"line":336,"column":85}},"type":"cond-expr","locations":[{"start":{"line":336,"column":64},"end":{"line":336,"column":73}},{"start":{"line":336,"column":76},"end":{"line":336,"column":85}}],"line":336},"15":{"loc":{"start":{"line":366,"column":99},"end":{"line":366,"column":133}},"type":"binary-expr","locations":[{"start":{"line":366,"column":99},"end":{"line":366,"column":114}},{"start":{"line":366,"column":118},"end":{"line":366,"column":133}}],"line":366},"16":{"loc":{"start":{"line":371,"column":99},"end":{"line":371,"column":132}},"type":"binary-expr","locations":[{"start":{"line":371,"column":99},"end":{"line":371,"column":113}},{"start":{"line":371,"column":117},"end":{"line":371,"column":132}}],"line":371},"17":{"loc":{"start":{"line":382,"column":30},"end":{"line":382,"column":65}},"type":"binary-expr","locations":[{"start":{"line":382,"column":30},"end":{"line":382,"column":53}},{"start":{"line":382,"column":57},"end":{"line":382,"column":65}}],"line":382},"18":{"loc":{"start":{"line":404,"column":99},"end":{"line":404,"column":131}},"type":"binary-expr","locations":[{"start":{"line":404,"column":99},"end":{"line":404,"column":112}},{"start":{"line":404,"column":116},"end":{"line":404,"column":131}}],"line":404},"19":{"loc":{"start":{"line":409,"column":99},"end":{"line":409,"column":133}},"type":"binary-expr","locations":[{"start":{"line":409,"column":99},"end":{"line":409,"column":114}},{"start":{"line":409,"column":118},"end":{"line":409,"column":133}}],"line":409},"20":{"loc":{"start":{"line":442,"column":40},"end":{"line":442,"column":56}},"type":"default-arg","locations":[{"start":{"line":442,"column":51},"end":{"line":442,"column":56}}],"line":442},"21":{"loc":{"start":{"line":446,"column":21},"end":{"line":446,"column":47}},"type":"cond-expr","locations":[{"start":{"line":446,"column":32},"end":{"line":446,"column":38}},{"start":{"line":446,"column":41},"end":{"line":446,"column":47}}],"line":446},"22":{"loc":{"start":{"line":447,"column":23},"end":{"line":447,"column":51}},"type":"cond-expr","locations":[{"start":{"line":447,"column":34},"end":{"line":447,"column":41}},{"start":{"line":447,"column":44},"end":{"line":447,"column":51}}],"line":447},"23":{"loc":{"start":{"line":448,"column":22},"end":{"line":448,"column":48}},"type":"cond-expr","locations":[{"start":{"line":448,"column":33},"end":{"line":448,"column":39}},{"start":{"line":448,"column":42},"end":{"line":448,"column":48}}],"line":448},"24":{"loc":{"start":{"line":449,"column":22},"end":{"line":449,"column":48}},"type":"cond-expr","locations":[{"start":{"line":449,"column":33},"end":{"line":449,"column":39}},{"start":{"line":449,"column":42},"end":{"line":449,"column":48}}],"line":449},"25":{"loc":{"start":{"line":450,"column":25},"end":{"line":450,"column":48}},"type":"cond-expr","locations":[{"start":{"line":450,"column":36},"end":{"line":450,"column":42}},{"start":{"line":450,"column":45},"end":{"line":450,"column":48}}],"line":450},"26":{"loc":{"start":{"line":458,"column":35},"end":{"line":458,"column":62}},"type":"cond-expr","locations":[{"start":{"line":458,"column":46},"end":{"line":458,"column":53}},{"start":{"line":458,"column":56},"end":{"line":458,"column":62}}],"line":458},"27":{"loc":{"start":{"line":463,"column":130},"end":{"line":463,"column":159}},"type":"binary-expr","locations":[{"start":{"line":463,"column":130},"end":{"line":463,"column":140}},{"start":{"line":463,"column":144},"end":{"line":463,"column":159}}],"line":463},"28":{"loc":{"start":{"line":468,"column":106},"end":{"line":468,"column":142}},"type":"binary-expr","locations":[{"start":{"line":468,"column":106},"end":{"line":468,"column":123}},{"start":{"line":468,"column":127},"end":{"line":468,"column":142}}],"line":468},"29":{"loc":{"start":{"line":473,"column":124},"end":{"line":473,"column":155}},"type":"binary-expr","locations":[{"start":{"line":473,"column":124},"end":{"line":473,"column":136}},{"start":{"line":473,"column":140},"end":{"line":473,"column":155}}],"line":473},"30":{"loc":{"start":{"line":478,"column":39},"end":{"line":478,"column":74}},"type":"cond-expr","locations":[{"start":{"line":478,"column":50},"end":{"line":478,"column":69}},{"start":{"line":478,"column":72},"end":{"line":478,"column":74}}],"line":478},"31":{"loc":{"start":{"line":501,"column":4},"end":{"line":501,"column":40}},"type":"if","locations":[{"start":{"line":501,"column":4},"end":{"line":501,"column":40}},{"start":{},"end":{}}],"line":501},"32":{"loc":{"start":{"line":509,"column":11},"end":{"line":509,"column":47}},"type":"binary-expr","locations":[{"start":{"line":509,"column":11},"end":{"line":509,"column":28}},{"start":{"line":509,"column":32},"end":{"line":509,"column":47}}],"line":509},"33":{"loc":{"start":{"line":514,"column":4},"end":{"line":514,"column":40}},"type":"if","locations":[{"start":{"line":514,"column":4},"end":{"line":514,"column":40}},{"start":{},"end":{}}],"line":514},"34":{"loc":{"start":{"line":523,"column":11},"end":{"line":523,"column":47}},"type":"binary-expr","locations":[{"start":{"line":523,"column":11},"end":{"line":523,"column":28}},{"start":{"line":523,"column":32},"end":{"line":523,"column":47}}],"line":523},"35":{"loc":{"start":{"line":528,"column":4},"end":{"line":528,"column":42}},"type":"if","locations":[{"start":{"line":528,"column":4},"end":{"line":528,"column":42}},{"start":{},"end":{}}],"line":528},"36":{"loc":{"start":{"line":534,"column":8},"end":{"line":536,"column":9}},"type":"if","locations":[{"start":{"line":534,"column":8},"end":{"line":536,"column":9}},{"start":{},"end":{}}],"line":534},"37":{"loc":{"start":{"line":548,"column":4},"end":{"line":548,"column":29}},"type":"if","locations":[{"start":{"line":548,"column":4},"end":{"line":548,"column":29}},{"start":{},"end":{}}],"line":548},"38":{"loc":{"start":{"line":576,"column":0},"end":{"line":589,"column":1}},"type":"if","locations":[{"start":{"line":576,"column":0},"end":{"line":589,"column":1}},{"start":{},"end":{}}],"line":576},"39":{"loc":{"start":{"line":576,"column":4},"end":{"line":576,"column":51}},"type":"binary-expr","locations":[{"start":{"line":576,"column":4},"end":{"line":576,"column":33}},{"start":{"line":576,"column":37},"end":{"line":576,"column":51}}],"line":576}},"s":{"0":0,"1":0,"2":0,"3":0,"4":0,"5":0,"6":0,"7":0,"8":0,"9":0,"10":0,"11":0,"12":2,"13":2,"14":2,"15":1,"16":1,"17":0,"18":0,"19":0,"20":0,"21":1,"22":1,"23":1,"24":1,"25":2,"26":2,"27":2,"28":2,"29":1,"30":1,"31":1,"32":1,"33":1,"34":0,"35":1,"36":1,"37":1,"38":1,"39":1,"40":0,"41":0,"42":1,"43":1,"44":1,"45":1,"46":1,"47":1,"48":1,"49":1,"50":1,"51":1,"52":1,"53":6,"54":2,"55":4,"56":4,"57":6,"58":1,"59":5,"60":5,"61":4,"62":2,"63":2,"64":2,"65":2,"66":1,"67":1,"68":1,"69":0,"70":3,"71":3,"72":0,"73":3,"74":3,"75":0,"76":3,"77":3,"78":1,"79":1},"f":{"0":0,"1":0,"2":0,"3":0,"4":0,"5":2,"6":2,"7":0,"8":0,"9":1,"10":1,"11":6,"12":6,"13":4,"14":3,"15":0},"b":{"0":[0,0],"1":[0,0],"2":[0,1],"3":[1,0],"4":[1,1],"5":[1,0],"6":[1,0],"7":[1,0],"8":[0,0],"9":[0,0],"10":[0,0],"11":[0,0],"12":[0,0],"13":[0,0],"14":[1,0],"15":[1,0],"16":[1,0],"17":[1,0],"18":[1,1],"19":[1,0],"20":[0],"21":[1,0],"22":[1,0],"23":[1,0],"24":[1,0],"25":[1,0],"26":[1,0],"27":[1,1],"28":[1,1],"29":[1,1],"30":[1,0],"31":[2,4],"32":[4,1],"33":[1,5],"34":[5,1],"35":[2,2],"36":[1,1],"37":[0,3],"38":[1,0],"39":[1,1]},"_coverageSchema":"1a1c01bbd47fc00a2c39e90264f33305004495a9","hash":"fab4e935249c3ae56f2765fb1a6470e0f527091b"}
}
