TN:
SF:static\js\profile.js
FN:2,createDesktopProfilePage
FN:28,createMobileProfilePage
FN:48,(anonymous_2)
FN:77,(anonymous_3)
FN:108,createProfilePage
FN:121,fetchProfileFromDatabase
FN:153,displayProfileContent
FN:168,(anonymous_7)
FN:205,createDesktopProfileLayout
FN:335,createMobileProfileLayout
FN:442,buildPersonalDetailsHTML
FN:500,formatGender
FN:513,formatMaritalStatus
FN:527,formatBirthday
FN:546,showProfileError
FN:552,(anonymous_15)
FNF:16
FNH:8
FNDA:0,createDesktopProfilePage
FNDA:0,createMobileProfilePage
FNDA:0,(anonymous_2)
FNDA:0,(anonymous_3)
FNDA:0,createProfilePage
FNDA:2,fetchProfileFromDatabase
FNDA:2,displayProfileContent
FNDA:0,(anonymous_7)
FNDA:0,createDesktopProfileLayout
FNDA:1,createMobileProfileLayout
FNDA:1,buildPersonalDetailsHTML
FNDA:6,formatGender
FNDA:6,formatMaritalStatus
FNDA:4,formatBirthday
FNDA:3,showProfileError
FNDA:0,(anonymous_15)
DA:3,0
DA:29,0
DA:49,0
DA:51,0
DA:52,0
DA:53,0
DA:54,0
DA:78,0
DA:109,0
DA:112,0
DA:113,0
DA:116,0
DA:122,2
DA:124,2
DA:125,2
DA:127,1
DA:129,1
DA:130,0
DA:133,0
DA:136,0
DA:138,0
DA:143,1
DA:144,1
DA:147,1
DA:148,1
DA:154,2
DA:155,2
DA:157,2
DA:159,2
DA:160,1
DA:161,1
DA:164,1
DA:167,1
DA:168,1
DA:169,0
DA:172,1
DA:174,1
DA:175,1
DA:178,1
DA:201,1
DA:206,0
DA:208,0
DA:336,1
DA:338,1
DA:443,1
DA:444,1
DA:445,1
DA:446,1
DA:447,1
DA:448,1
DA:449,1
DA:450,1
DA:452,1
DA:501,6
DA:503,4
DA:509,4
DA:514,6
DA:516,5
DA:523,5
DA:528,4
DA:530,2
DA:531,2
DA:534,2
DA:535,1
DA:538,1
DA:539,1
DA:541,0
DA:547,3
DA:548,3
DA:551,3
DA:552,3
DA:553,0
DA:557,3
DA:569,3
DA:576,1
DA:577,1
LF:76
LH:55
BRDA:52,0,0,0
BRDA:52,0,1,0
BRDA:112,1,0,0
BRDA:112,1,1,0
BRDA:129,2,0,0
BRDA:129,2,1,1
BRDA:129,3,0,1
BRDA:129,3,1,0
BRDA:159,4,0,1
BRDA:159,4,1,1
BRDA:187,5,0,1
BRDA:187,5,1,0
BRDA:189,6,0,1
BRDA:189,6,1,0
BRDA:193,7,0,1
BRDA:193,7,1,0
BRDA:206,8,0,0
BRDA:206,8,1,0
BRDA:227,9,0,0
BRDA:227,9,1,0
BRDA:232,10,0,0
BRDA:232,10,1,0
BRDA:243,11,0,0
BRDA:243,11,1,0
BRDA:268,12,0,0
BRDA:268,12,1,0
BRDA:273,13,0,0
BRDA:273,13,1,0
BRDA:336,14,0,1
BRDA:336,14,1,0
BRDA:366,15,0,1
BRDA:366,15,1,0
BRDA:371,16,0,1
BRDA:371,16,1,0
BRDA:382,17,0,1
BRDA:382,17,1,0
BRDA:404,18,0,1
BRDA:404,18,1,1
BRDA:409,19,0,1
BRDA:409,19,1,0
BRDA:442,20,0,0
BRDA:446,21,0,1
BRDA:446,21,1,0
BRDA:447,22,0,1
BRDA:447,22,1,0
BRDA:448,23,0,1
BRDA:448,23,1,0
BRDA:449,24,0,1
BRDA:449,24,1,0
BRDA:450,25,0,1
BRDA:450,25,1,0
BRDA:458,26,0,1
BRDA:458,26,1,0
BRDA:463,27,0,1
BRDA:463,27,1,1
BRDA:468,28,0,1
BRDA:468,28,1,1
BRDA:473,29,0,1
BRDA:473,29,1,1
BRDA:478,30,0,1
BRDA:478,30,1,0
BRDA:501,31,0,2
BRDA:501,31,1,4
BRDA:509,32,0,4
BRDA:509,32,1,1
BRDA:514,33,0,1
BRDA:514,33,1,5
BRDA:523,34,0,5
BRDA:523,34,1,1
BRDA:528,35,0,2
BRDA:528,35,1,2
BRDA:534,36,0,1
BRDA:534,36,1,1
BRDA:548,37,0,0
BRDA:548,37,1,3
BRDA:576,38,0,1
BRDA:576,38,1,0
BRDA:576,39,0,1
BRDA:576,39,1,1
BRF:79
BRH:43
end_of_record
